<?xml version="1.0" encoding="UTF-8"?>
<!-- Generated by org.testng.reporters.JUnitReportReporter -->
<testsuite skipped="0" hostname="BDC4B-D-DM7JH92" name="com.test.NewTest" tests="4" failures="0" timestamp="26 Jul 2018 06:47:15 GMT" time="0.027" errors="0">
  <testcase name="f" time="0.001" classname="com.test.NewTest"/>
  <testcase name="c" time="0.003" classname="com.test.NewTest"/>
  <testcase name="a" time="0.021" classname="com.test.NewTest"/>
  <testcase name="b" time="0.002" classname="com.test.NewTest"/>
</testsuite> <!-- com.test.NewTest -->
