<?xml version="1.0" encoding="UTF-8"?>
<!-- Generated by org.testng.reporters.JUnitReportReporter -->
<testsuite skipped="0" hostname="BDC4B-D-DM7JH92" name="com.test.NewTest3" tests="1" failures="0" timestamp="26 Jul 2018 09:27:34 GMT" time="18.506" errors="0">
  <testcase name="testMercuryToursLogin" time="18.506" classname="com.test.NewTest3"/>
</testsuite> <!-- com.test.NewTest3 -->
