<?xml version="1.0" encoding="UTF-8"?>
<!-- Generated by org.testng.reporters.JUnitReportReporter -->
<testsuite skipped="0" hostname="BDC4B-D-DM7JH92" name="com.test.NewTest4" tests="1" failures="0" timestamp="26 Jul 2018 10:57:38 GMT" time="19.269" errors="0">
  <testcase name="testMercuryToursLogin" time="19.269" classname="com.test.NewTest4"/>
</testsuite> <!-- com.test.NewTest4 -->
