<?xml version="1.0" encoding="UTF-8"?>
<!-- Generated by org.testng.reporters.JUnitReportReporter -->
<testsuite skipped="0" hostname="BDC4B-D-DM7JH92" name="com.test.NewTest5" tests="1" failures="0" timestamp="27 Jul 2018 03:47:14 GMT" time="28.664" errors="0">
  <testcase name="test" time="28.664" classname="com.test.NewTest5"/>
</testsuite> <!-- com.test.NewTest5 -->
