<?xml version="1.0" encoding="UTF-8"?>
<!-- Generated by org.testng.reporters.JUnitReportReporter -->
<testsuite skipped="0" hostname="BDC4B-D-DM7JH92" name="com.test.NewTest6" tests="1" failures="0" timestamp="27 Jul 2018 04:40:25 GMT" time="11.157" errors="0">
  <testcase name="test" time="11.157" classname="com.test.NewTest6"/>
</testsuite> <!-- com.test.NewTest6 -->
